TN:
SF:src/config/env.ts
FN:21,loadEnv
FNF:1
FNH:1
FNDA:2,loadEnv
DA:6,2
DA:8,2
DA:22,2
DA:23,2
DA:24,0
DA:25,0
DA:26,0
DA:28,2
DA:31,2
LF:9
LH:6
BRDA:23,0,0,0
BRF:1
BRH:0
end_of_record
TN:
SF:src/domain/errors.ts
FN:12,(anonymous_0)
FN:23,(anonymous_1)
FN:29,(anonymous_2)
FN:35,(anonymous_3)
FN:41,(anonymous_4)
FN:47,(anonymous_5)
FN:53,(anonymous_6)
FNF:7
FNH:5
FNDA:14,(anonymous_0)
FNDA:0,(anonymous_1)
FNDA:2,(anonymous_2)
FNDA:7,(anonymous_3)
FNDA:3,(anonymous_4)
FNDA:2,(anonymous_5)
FNDA:0,(anonymous_6)
DA:7,3
DA:13,14
DA:14,14
DA:15,14
DA:16,14
DA:17,14
DA:18,14
DA:22,3
DA:24,0
DA:28,3
DA:30,2
DA:34,3
DA:36,7
DA:40,3
DA:42,3
DA:46,3
DA:48,2
DA:52,3
DA:54,0
LF:19
LH:17
BRDA:23,0,0,0
BRDA:29,1,0,0
BRDA:35,2,0,0
BRDA:41,3,0,0
BRDA:47,4,0,0
BRDA:53,5,0,0
BRF:6
BRH:0
end_of_record
TN:
SF:src/services/auth.service.ts
FN:8,(anonymous_0)
FN:10,(anonymous_1)
FN:19,(anonymous_2)
FN:28,(anonymous_3)
FN:34,(anonymous_4)
FN:39,(anonymous_5)
FNF:6
FNH:6
FNDA:13,(anonymous_0)
FNDA:2,(anonymous_1)
FNDA:3,(anonymous_2)
FNDA:2,(anonymous_3)
FNDA:4,(anonymous_4)
FNDA:2,(anonymous_5)
DA:3,1
DA:4,1
DA:5,1
DA:7,1
DA:8,13
DA:11,2
DA:12,2
DA:13,1
DA:14,1
DA:15,1
DA:16,1
DA:20,3
DA:21,3
DA:22,2
DA:23,2
DA:24,1
DA:25,1
DA:29,2
DA:30,2
DA:31,1
DA:35,4
DA:36,2
DA:40,2
LF:23
LH:23
BRDA:12,0,0,1
BRDA:21,1,0,1
BRDA:23,2,0,1
BRDA:30,3,0,1
BRDA:35,4,0,2
BRDA:35,5,0,4
BRDA:35,5,1,3
BRF:7
BRH:7
end_of_record
TN:
SF:src/services/project.service.ts
FN:12,(anonymous_0)
FN:17,(anonymous_1)
FN:26,(anonymous_2)
FN:37,(anonymous_3)
FN:39,(anonymous_4)
FN:42,(anonymous_5)
FN:52,(anonymous_6)
FN:57,(anonymous_7)
FN:66,(anonymous_8)
FN:71,(anonymous_9)
FN:84,(anonymous_10)
FN:90,(anonymous_11)
FN:98,(anonymous_12)
FN:108,(anonymous_13)
FNF:14
FNH:10
FNDA:12,(anonymous_0)
FNDA:1,(anonymous_1)
FNDA:2,(anonymous_2)
FNDA:0,(anonymous_3)
FNDA:0,(anonymous_4)
FNDA:0,(anonymous_5)
FNDA:0,(anonymous_6)
FNDA:2,(anonymous_7)
FNDA:2,(anonymous_8)
FNDA:1,(anonymous_9)
FNDA:2,(anonymous_10)
FNDA:5,(anonymous_11)
FNDA:5,(anonymous_12)
FNDA:2,(anonymous_13)
DA:5,1
DA:9,1
DA:11,1
DA:13,12
DA:14,12
DA:18,1
DA:23,1
DA:27,2
DA:28,2
DA:29,2
DA:30,1
DA:38,0
DA:39,0
DA:47,0
DA:48,0
DA:49,0
DA:53,0
DA:54,0
DA:58,2
DA:59,1
DA:60,1
DA:61,1
DA:62,1
DA:63,0
DA:67,2
DA:68,1
DA:72,1
DA:73,1
DA:74,1
DA:75,1
DA:76,1
DA:78,0
DA:85,2
DA:86,2
DA:91,5
DA:92,5
DA:93,2
DA:99,5
DA:100,5
DA:101,0
DA:103,5
DA:104,2
DA:116,2
LF:43
LH:33
BRDA:29,0,0,1
BRDA:60,1,0,0
BRDA:62,2,0,1
BRDA:74,3,0,0
BRDA:75,4,0,1
BRDA:86,5,0,2
BRDA:86,5,1,1
BRDA:92,6,0,2
BRDA:100,7,0,0
BRDA:103,8,0,2
BRF:10
BRH:7
end_of_record
TN:
SF:src/services/stats.service.ts
FN:20,(anonymous_0)
FN:26,(anonymous_1)
FN:43,(anonymous_2)
FN:60,(anonymous_3)
FNF:4
FNH:4
FNDA:4,(anonymous_0)
FNDA:3,(anonymous_1)
FNDA:3,(anonymous_2)
FNDA:1,(anonymous_3)
DA:8,1
DA:17,1
DA:19,1
DA:21,4
DA:22,4
DA:23,4
DA:27,3
DA:29,3
DA:32,3
DA:33,3
DA:34,2
DA:35,1
DA:36,1
DA:39,1
DA:42,2
DA:43,3
DA:44,2
DA:47,2
DA:48,2
DA:54,0
DA:57,2
DA:61,1
DA:62,1
DA:64,0
LF:24
LH:22
BRDA:34,0,0,1
BRF:1
BRH:1
end_of_record
TN:
SF:src/services/task.service.ts
FN:17,(anonymous_0)
FN:22,(anonymous_1)
FN:28,(anonymous_2)
FN:35,(anonymous_3)
FN:51,(anonymous_4)
FN:59,(anonymous_5)
FNF:6
FNH:6
FNDA:9,(anonymous_0)
FNDA:1,(anonymous_1)
FNDA:1,(anonymous_2)
FNDA:1,(anonymous_3)
FNDA:1,(anonymous_4)
FNDA:5,(anonymous_5)
DA:14,1
DA:16,1
DA:18,9
DA:19,9
DA:23,1
DA:24,1
DA:25,1
DA:29,1
DA:30,1
DA:31,0
DA:32,0
DA:40,1
DA:41,1
DA:42,1
DA:52,1
DA:53,1
DA:54,1
DA:55,1
DA:56,1
DA:60,5
DA:61,5
DA:62,5
DA:63,5
DA:64,4
DA:65,4
DA:66,4
DA:67,4
DA:68,1
DA:70,3
LF:29
LH:27
BRDA:30,0,0,1
BRDA:53,1,0,0
BRDA:61,2,0,0
BRDA:63,3,0,1
BRDA:67,4,0,1
BRDA:67,5,0,4
BRDA:67,5,1,3
BRDA:67,5,2,2
BRF:8
BRH:6
end_of_record
TN:
SF:src/utils/jwt.ts
FN:12,signToken
FN:17,verifyToken
FNF:2
FNH:1
FNDA:2,signToken
FNDA:0,verifyToken
DA:4,1
DA:5,1
DA:12,1
DA:13,2
DA:14,2
DA:17,1
DA:18,0
DA:19,0
DA:20,0
DA:22,0
LF:10
LH:6
BRDA:19,0,0,0
BRF:1
BRH:0
end_of_record
TN:
SF:src/utils/logger.ts
FNF:0
FNH:0
DA:5,1
DA:6,1
DA:8,1
LF:3
LH:3
BRDA:10,0,0,0
BRDA:10,0,1,1
BRF:2
BRH:1
end_of_record
TN:
SF:src/utils/password.ts
FN:8,hashPassword
FN:12,verifyPassword
FNF:2
FNH:2
FNDA:3,hashPassword
FNDA:2,verifyPassword
DA:5,1
DA:6,1
DA:8,1
DA:9,3
DA:12,1
DA:13,2
LF:6
LH:6
BRF:0
BRH:0
end_of_record
